2025-02-26 19:37:45,370 - WARNING - The chromedriver version (121.0.6167.85) detected in PATH at C:\Users\ly frienk\AppData\Local\Programs\Python\Python312\chromedriver.exe might not be compatible with the detected chrome version (133.0.6943.127); currently, chromedriver 133.0.6943.141 is recommended for chrome 133.*, so it is advised to delete the driver in PATH and retry
2025-02-26 19:37:49,168 - ERROR - 浏览器驱动初始化失败: Message: session not created: This version of ChromeDriver only supports Chrome version 121
Current browser version is 133.0.6943.127 with binary path C:\Program Files\Google\Chrome\Application\chrome.exe
Stacktrace:
	GetHandleVerifier [0x00007FF6432E5E42+3538674]
	(No symbol) [0x00007FF642F04C02]
	(No symbol) [0x00007FF642DB5AEB]
	(No symbol) [0x00007FF642DEC512]
	(No symbol) [0x00007FF642DEB872]
	(No symbol) [0x00007FF642DE5106]
	(No symbol) [0x00007FF642DE21C8]
	(No symbol) [0x00007FF642E294B9]
	(No symbol) [0x00007FF642E1EE53]
	(No symbol) [0x00007FF642DEF514]
	(No symbol) [0x00007FF642DF0631]
	GetHandleVerifier [0x00007FF643316CAD+3738973]
	GetHandleVerifier [0x00007FF64336C506+4089270]
	GetHandleVerifier [0x00007FF643364823+4057299]
	GetHandleVerifier [0x00007FF643035C49+720121]
	(No symbol) [0x00007FF642F1126F]
	(No symbol) [0x00007FF642F0C304]
	(No symbol) [0x00007FF642F0C432]
	(No symbol) [0x00007FF642EFBD04]
	BaseThreadInitThunk [0x00007FF98339259D+29]
	RtlUserThreadStart [0x00007FF984E8AF38+40]

2025-02-26 19:37:49,224 - ERROR - 程序执行出错: Message: session not created: This version of ChromeDriver only supports Chrome version 121
Current browser version is 133.0.6943.127 with binary path C:\Program Files\Google\Chrome\Application\chrome.exe
Stacktrace:
	GetHandleVerifier [0x00007FF6432E5E42+3538674]
	(No symbol) [0x00007FF642F04C02]
	(No symbol) [0x00007FF642DB5AEB]
	(No symbol) [0x00007FF642DEC512]
	(No symbol) [0x00007FF642DEB872]
	(No symbol) [0x00007FF642DE5106]
	(No symbol) [0x00007FF642DE21C8]
	(No symbol) [0x00007FF642E294B9]
	(No symbol) [0x00007FF642E1EE53]
	(No symbol) [0x00007FF642DEF514]
	(No symbol) [0x00007FF642DF0631]
	GetHandleVerifier [0x00007FF643316CAD+3738973]
	GetHandleVerifier [0x00007FF64336C506+4089270]
	GetHandleVerifier [0x00007FF643364823+4057299]
	GetHandleVerifier [0x00007FF643035C49+720121]
	(No symbol) [0x00007FF642F1126F]
	(No symbol) [0x00007FF642F0C304]
	(No symbol) [0x00007FF642F0C432]
	(No symbol) [0x00007FF642EFBD04]
	BaseThreadInitThunk [0x00007FF98339259D+29]
	RtlUserThreadStart [0x00007FF984E8AF38+40]

2025-02-26 19:40:32,080 - WARNING - The chromedriver version (121.0.6167.85) detected in PATH at C:\Users\ly frienk\AppData\Local\Programs\Python\Python312\chromedriver.exe might not be compatible with the detected chrome version (133.0.6943.127); currently, chromedriver 133.0.6943.141 is recommended for chrome 133.*, so it is advised to delete the driver in PATH and retry
2025-02-26 19:40:35,711 - ERROR - 浏览器驱动初始化失败: Message: session not created: This version of ChromeDriver only supports Chrome version 121
Current browser version is 133.0.6943.127 with binary path C:\Program Files\Google\Chrome\Application\chrome.exe
Stacktrace:
	GetHandleVerifier [0x00007FF6432E5E42+3538674]
	(No symbol) [0x00007FF642F04C02]
	(No symbol) [0x00007FF642DB5AEB]
	(No symbol) [0x00007FF642DEC512]
	(No symbol) [0x00007FF642DEB872]
	(No symbol) [0x00007FF642DE5106]
	(No symbol) [0x00007FF642DE21C8]
	(No symbol) [0x00007FF642E294B9]
	(No symbol) [0x00007FF642E1EE53]
	(No symbol) [0x00007FF642DEF514]
	(No symbol) [0x00007FF642DF0631]
	GetHandleVerifier [0x00007FF643316CAD+3738973]
	GetHandleVerifier [0x00007FF64336C506+4089270]
	GetHandleVerifier [0x00007FF643364823+4057299]
	GetHandleVerifier [0x00007FF643035C49+720121]
	(No symbol) [0x00007FF642F1126F]
	(No symbol) [0x00007FF642F0C304]
	(No symbol) [0x00007FF642F0C432]
	(No symbol) [0x00007FF642EFBD04]
	BaseThreadInitThunk [0x00007FF98339259D+29]
	RtlUserThreadStart [0x00007FF984E8AF38+40]

2025-02-26 19:40:35,729 - ERROR - 程序执行出错: Message: session not created: This version of ChromeDriver only supports Chrome version 121
Current browser version is 133.0.6943.127 with binary path C:\Program Files\Google\Chrome\Application\chrome.exe
Stacktrace:
	GetHandleVerifier [0x00007FF6432E5E42+3538674]
	(No symbol) [0x00007FF642F04C02]
	(No symbol) [0x00007FF642DB5AEB]
	(No symbol) [0x00007FF642DEC512]
	(No symbol) [0x00007FF642DEB872]
	(No symbol) [0x00007FF642DE5106]
	(No symbol) [0x00007FF642DE21C8]
	(No symbol) [0x00007FF642E294B9]
	(No symbol) [0x00007FF642E1EE53]
	(No symbol) [0x00007FF642DEF514]
	(No symbol) [0x00007FF642DF0631]
	GetHandleVerifier [0x00007FF643316CAD+3738973]
	GetHandleVerifier [0x00007FF64336C506+4089270]
	GetHandleVerifier [0x00007FF643364823+4057299]
	GetHandleVerifier [0x00007FF643035C49+720121]
	(No symbol) [0x00007FF642F1126F]
	(No symbol) [0x00007FF642F0C304]
	(No symbol) [0x00007FF642F0C432]
	(No symbol) [0x00007FF642EFBD04]
	BaseThreadInitThunk [0x00007FF98339259D+29]
	RtlUserThreadStart [0x00007FF984E8AF38+40]

2025-02-26 19:41:44,553 - INFO - 浏览器驱动初始化成功
2025-02-26 19:44:06,212 - ERROR - 导航到考试编辑页面失败: Message: invalid session id: session deleted as the browser has closed the connection
from disconnected: not connected to DevTools
  (Session info: chrome=133.0.6943.127)
Stacktrace:
	GetHandleVerifier [0x00007FF61397C6A5+28789]
	(No symbol) [0x00007FF6138E5B20]
	(No symbol) [0x00007FF613778F9A]
	(No symbol) [0x00007FF613764D75]
	(No symbol) [0x00007FF613789784]
	(No symbol) [0x00007FF6137FF0BF]
	(No symbol) [0x00007FF61381F0D2]
	(No symbol) [0x00007FF6137F7103]
	(No symbol) [0x00007FF6137BFFC0]
	(No symbol) [0x00007FF6137C1273]
	GetHandleVerifier [0x00007FF613CC1AED+3458237]
	GetHandleVerifier [0x00007FF613CD829C+3550316]
	GetHandleVerifier [0x00007FF613CCDB9D+3507565]
	GetHandleVerifier [0x00007FF613A42C6A+841274]
	(No symbol) [0x00007FF6138F09EF]
	(No symbol) [0x00007FF6138ECB34]
	(No symbol) [0x00007FF6138ECCD6]
	(No symbol) [0x00007FF6138DC119]
	BaseThreadInitThunk [0x00007FF98339259D+29]
	RtlUserThreadStart [0x00007FF984E8AF38+40]

2025-02-26 19:44:06,216 - ERROR - 程序执行出错: Message: invalid session id: session deleted as the browser has closed the connection
from disconnected: not connected to DevTools
  (Session info: chrome=133.0.6943.127)
Stacktrace:
	GetHandleVerifier [0x00007FF61397C6A5+28789]
	(No symbol) [0x00007FF6138E5B20]
	(No symbol) [0x00007FF613778F9A]
	(No symbol) [0x00007FF613764D75]
	(No symbol) [0x00007FF613789784]
	(No symbol) [0x00007FF6137FF0BF]
	(No symbol) [0x00007FF61381F0D2]
	(No symbol) [0x00007FF6137F7103]
	(No symbol) [0x00007FF6137BFFC0]
	(No symbol) [0x00007FF6137C1273]
	GetHandleVerifier [0x00007FF613CC1AED+3458237]
	GetHandleVerifier [0x00007FF613CD829C+3550316]
	GetHandleVerifier [0x00007FF613CCDB9D+3507565]
	GetHandleVerifier [0x00007FF613A42C6A+841274]
	(No symbol) [0x00007FF6138F09EF]
	(No symbol) [0x00007FF6138ECB34]
	(No symbol) [0x00007FF6138ECCD6]
	(No symbol) [0x00007FF6138DC119]
	BaseThreadInitThunk [0x00007FF98339259D+29]
	RtlUserThreadStart [0x00007FF984E8AF38+40]

2025-02-26 19:44:08,390 - INFO - 浏览器已关闭
2025-02-26 19:44:28,146 - INFO - ====== WebDriver manager ======
2025-02-26 19:44:28,657 - INFO - Get LATEST edgedriver version for Edge None
2025-02-26 19:44:33,462 - INFO - About to download new driver from https://msedgedriver.azureedge.net/133.0.3065.82/edgedriver_win64.zip
2025-02-26 19:44:33,989 - INFO - Driver downloading response is 200
2025-02-26 19:44:35,046 - INFO - Get LATEST edgedriver version for Edge None
2025-02-26 19:44:39,615 - INFO - Get LATEST edgedriver version for Edge None
2025-02-26 19:44:41,797 - INFO - Driver has been saved in cache [C:\Users\ly frienk\.wdm\drivers\edgedriver\win64\133.0.3065.82]
2025-02-26 19:44:43,578 - INFO - Edge浏览器驱动初始化成功
2025-02-26 19:47:59,532 - ERROR - 导航到考试编辑页面失败: Message: invalid session id: session deleted as the browser has closed the connection
from disconnected: not connected to DevTools
  (Session info: MicrosoftEdge=133.0.3065.82)
Stacktrace:
	GetHandleVerifier [0x00007FF6E58BE735+13397]
	Microsoft::Applications::Events::EventProperty::empty [0x00007FF6E5B4B1B4+2060276]
	Microsoft::Applications::Events::EventProperty::empty [0x00007FF6E5AA2338+1368440]
	(No symbol) [0x00007FF6E5639510]
	(No symbol) [0x00007FF6E56570CA]
	(No symbol) [0x00007FF6E56BA0E6]
	(No symbol) [0x00007FF6E56D13AD]
	(No symbol) [0x00007FF6E56B3FC3]
	(No symbol) [0x00007FF6E5688B96]
	(No symbol) [0x00007FF6E5687E50]
	(No symbol) [0x00007FF6E56889C3]
	(No symbol) [0x00007FF6E5710214]
	(No symbol) [0x00007FF6E57A06CF]
	(No symbol) [0x00007FF6E5713A53]
	Microsoft::Applications::Events::EventProperty::to_string [0x00007FF6E5C045BD+279981]
	simdutf::get_active_implementation [0x00007FF6E58478C1+409457]
	simdutf::get_active_implementation [0x00007FF6E5842BA4+389716]
	simdutf::get_active_implementation [0x00007FF6E5842CE9+390041]
	simdutf::get_active_implementation [0x00007FF6E58362E6+338326]
	BaseThreadInitThunk [0x00007FF98339259D+29]
	RtlUserThreadStart [0x00007FF984E8AF38+40]

2025-02-26 19:47:59,567 - ERROR - 程序执行出错: Message: invalid session id: session deleted as the browser has closed the connection
from disconnected: not connected to DevTools
  (Session info: MicrosoftEdge=133.0.3065.82)
Stacktrace:
	GetHandleVerifier [0x00007FF6E58BE735+13397]
	Microsoft::Applications::Events::EventProperty::empty [0x00007FF6E5B4B1B4+2060276]
	Microsoft::Applications::Events::EventProperty::empty [0x00007FF6E5AA2338+1368440]
	(No symbol) [0x00007FF6E5639510]
	(No symbol) [0x00007FF6E56570CA]
	(No symbol) [0x00007FF6E56BA0E6]
	(No symbol) [0x00007FF6E56D13AD]
	(No symbol) [0x00007FF6E56B3FC3]
	(No symbol) [0x00007FF6E5688B96]
	(No symbol) [0x00007FF6E5687E50]
	(No symbol) [0x00007FF6E56889C3]
	(No symbol) [0x00007FF6E5710214]
	(No symbol) [0x00007FF6E57A06CF]
	(No symbol) [0x00007FF6E5713A53]
	Microsoft::Applications::Events::EventProperty::to_string [0x00007FF6E5C045BD+279981]
	simdutf::get_active_implementation [0x00007FF6E58478C1+409457]
	simdutf::get_active_implementation [0x00007FF6E5842BA4+389716]
	simdutf::get_active_implementation [0x00007FF6E5842CE9+390041]
	simdutf::get_active_implementation [0x00007FF6E58362E6+338326]
	BaseThreadInitThunk [0x00007FF98339259D+29]
	RtlUserThreadStart [0x00007FF984E8AF38+40]

2025-02-26 19:48:01,846 - INFO - 浏览器已关闭
2025-02-26 19:48:25,233 - ERROR - Edge浏览器驱动初始化失败: Message: session not created: Microsoft Edge failed to start: crashed.
  (session not created: DevToolsActivePort file doesn't exist)
  (The process started from msedge location C:\Program Files (x86)\Microsoft\Edge\Application\msedge.exe is no longer running, so msedgedriver is assuming that msedge has crashed.)
Stacktrace:
	GetHandleVerifier [0x00007FF7C378E735+13397]
	Microsoft::Applications::Events::EventProperty::empty [0x00007FF7C3A1B1B4+2060276]
	Microsoft::Applications::Events::EventProperty::empty [0x00007FF7C3972338+1368440]
	(No symbol) [0x00007FF7C3550660]
	(No symbol) [0x00007FF7C354A827]
	(No symbol) [0x00007FF7C358FD84]
	(No symbol) [0x00007FF7C3583FC3]
	(No symbol) [0x00007FF7C3558B96]
	(No symbol) [0x00007FF7C3557E50]
	(No symbol) [0x00007FF7C35589C3]
	(No symbol) [0x00007FF7C35E0214]
	(No symbol) [0x00007FF7C36706CF]
	(No symbol) [0x00007FF7C35E3A53]
	Microsoft::Applications::Events::EventProperty::to_string [0x00007FF7C3AD45BD+279981]
	simdutf::get_active_implementation [0x00007FF7C37178C1+409457]
	simdutf::get_active_implementation [0x00007FF7C3712BA4+389716]
	simdutf::get_active_implementation [0x00007FF7C3712CE9+390041]
	simdutf::get_active_implementation [0x00007FF7C37062E6+338326]
	BaseThreadInitThunk [0x00007FF98339259D+29]
	RtlUserThreadStart [0x00007FF984E8AF38+40]

2025-02-26 19:48:25,237 - ERROR - 程序执行出错: Message: session not created: Microsoft Edge failed to start: crashed.
  (session not created: DevToolsActivePort file doesn't exist)
  (The process started from msedge location C:\Program Files (x86)\Microsoft\Edge\Application\msedge.exe is no longer running, so msedgedriver is assuming that msedge has crashed.)
Stacktrace:
	GetHandleVerifier [0x00007FF7C378E735+13397]
	Microsoft::Applications::Events::EventProperty::empty [0x00007FF7C3A1B1B4+2060276]
	Microsoft::Applications::Events::EventProperty::empty [0x00007FF7C3972338+1368440]
	(No symbol) [0x00007FF7C3550660]
	(No symbol) [0x00007FF7C354A827]
	(No symbol) [0x00007FF7C358FD84]
	(No symbol) [0x00007FF7C3583FC3]
	(No symbol) [0x00007FF7C3558B96]
	(No symbol) [0x00007FF7C3557E50]
	(No symbol) [0x00007FF7C35589C3]
	(No symbol) [0x00007FF7C35E0214]
	(No symbol) [0x00007FF7C36706CF]
	(No symbol) [0x00007FF7C35E3A53]
	Microsoft::Applications::Events::EventProperty::to_string [0x00007FF7C3AD45BD+279981]
	simdutf::get_active_implementation [0x00007FF7C37178C1+409457]
	simdutf::get_active_implementation [0x00007FF7C3712BA4+389716]
	simdutf::get_active_implementation [0x00007FF7C3712CE9+390041]
	simdutf::get_active_implementation [0x00007FF7C37062E6+338326]
	BaseThreadInitThunk [0x00007FF98339259D+29]
	RtlUserThreadStart [0x00007FF984E8AF38+40]

2025-02-26 19:49:51,060 - INFO - 找到Chrome配置文件路径: C:\Users\ly frienk\AppData\Local\Google\Chrome\User Data
2025-02-26 19:49:51,061 - INFO - ====== WebDriver manager ======
2025-02-26 19:49:51,449 - INFO - Get LATEST chromedriver version for google-chrome
2025-02-26 19:49:51,923 - INFO - About to download new driver from https://chromedriver.storage.googleapis.com/114.0.5735.90/chromedriver_win32.zip
2025-02-26 19:49:52,263 - INFO - Driver downloading response is 200
2025-02-26 19:49:52,984 - INFO - Get LATEST chromedriver version for google-chrome
2025-02-26 19:49:53,540 - INFO - Get LATEST chromedriver version for google-chrome
2025-02-26 19:49:53,954 - INFO - Driver has been saved in cache [C:\Users\ly frienk\.wdm\drivers\chromedriver\win64\114.0.5735.90]
2025-02-26 19:50:15,187 - ERROR - Chrome浏览器驱动初始化失败: Message: unknown error: Chrome failed to start: exited normally.
  (unknown error: DevToolsActivePort file doesn't exist)
  (The process started from chrome location C:\Program Files\Google\Chrome\Application\chrome.exe is no longer running, so ChromeDriver is assuming that Chrome has crashed.)
Stacktrace:
Backtrace:
	GetHandleVerifier [0x0030A813+48355]
	(No symbol) [0x0029C4B1]
	(No symbol) [0x001A5358]
	(No symbol) [0x001C3621]
	(No symbol) [0x001C0579]
	(No symbol) [0x001F0C55]
	(No symbol) [0x001F093C]
	(No symbol) [0x001EA536]
	(No symbol) [0x001C82DC]
	(No symbol) [0x001C93DD]
	GetHandleVerifier [0x0056AABD+2539405]
	GetHandleVerifier [0x005AA78F+2800735]
	GetHandleVerifier [0x005A456C+2775612]
	GetHandleVerifier [0x003951E0+616112]
	(No symbol) [0x002A5F8C]
	(No symbol) [0x002A2328]
	(No symbol) [0x002A240B]
	(No symbol) [0x00294FF7]
	BaseThreadInitThunk [0x762A7BA9+25]
	RtlInitializeExceptionChain [0x7778C28B+107]
	RtlClearBits [0x7778C20F+191]
	(No symbol) [0x00000000]

2025-02-26 19:50:15,483 - ERROR - 程序执行出错: Message: unknown error: Chrome failed to start: exited normally.
  (unknown error: DevToolsActivePort file doesn't exist)
  (The process started from chrome location C:\Program Files\Google\Chrome\Application\chrome.exe is no longer running, so ChromeDriver is assuming that Chrome has crashed.)
Stacktrace:
Backtrace:
	GetHandleVerifier [0x0030A813+48355]
	(No symbol) [0x0029C4B1]
	(No symbol) [0x001A5358]
	(No symbol) [0x001C3621]
	(No symbol) [0x001C0579]
	(No symbol) [0x001F0C55]
	(No symbol) [0x001F093C]
	(No symbol) [0x001EA536]
	(No symbol) [0x001C82DC]
	(No symbol) [0x001C93DD]
	GetHandleVerifier [0x0056AABD+2539405]
	GetHandleVerifier [0x005AA78F+2800735]
	GetHandleVerifier [0x005A456C+2775612]
	GetHandleVerifier [0x003951E0+616112]
	(No symbol) [0x002A5F8C]
	(No symbol) [0x002A2328]
	(No symbol) [0x002A240B]
	(No symbol) [0x00294FF7]
	BaseThreadInitThunk [0x762A7BA9+25]
	RtlInitializeExceptionChain [0x7778C28B+107]
	RtlClearBits [0x7778C20F+191]
	(No symbol) [0x00000000]

2025-02-26 19:52:38,429 - INFO - 找到Chrome配置文件路径: C:\Users\ly frienk\AppData\Local\Google\Chrome\User Data
2025-02-26 19:52:38,430 - INFO - 使用配置文件: yi
2025-02-26 19:52:38,431 - INFO - ====== WebDriver manager ======
2025-02-26 19:52:38,833 - INFO - Get LATEST chromedriver version for google-chrome
2025-02-26 19:52:39,012 - INFO - About to download new driver from https://chromedriver.storage.googleapis.com/114.0.5735.90/chromedriver_win32.zip
2025-02-26 19:52:39,190 - INFO - Driver downloading response is 200
2025-02-26 19:52:39,902 - INFO - Get LATEST chromedriver version for google-chrome
2025-02-26 19:52:40,335 - INFO - Get LATEST chromedriver version for google-chrome
2025-02-26 19:52:40,692 - INFO - Driver has been saved in cache [C:\Users\ly frienk\.wdm\drivers\chromedriver\win64\114.0.5735.90]
2025-02-26 19:52:45,762 - ERROR - Chrome浏览器驱动初始化失败: Message: unknown error: Chrome failed to start: exited normally.
  (unknown error: DevToolsActivePort file doesn't exist)
  (The process started from chrome location C:\Program Files\Google\Chrome\Application\chrome.exe is no longer running, so ChromeDriver is assuming that Chrome has crashed.)
Stacktrace:
Backtrace:
	GetHandleVerifier [0x0069A813+48355]
	(No symbol) [0x0062C4B1]
	(No symbol) [0x00535358]
	(No symbol) [0x00553621]
	(No symbol) [0x00550579]
	(No symbol) [0x00580C55]
	(No symbol) [0x0058093C]
	(No symbol) [0x0057A536]
	(No symbol) [0x005582DC]
	(No symbol) [0x005593DD]
	GetHandleVerifier [0x008FAABD+2539405]
	GetHandleVerifier [0x0093A78F+2800735]
	GetHandleVerifier [0x0093456C+2775612]
	GetHandleVerifier [0x007251E0+616112]
	(No symbol) [0x00635F8C]
	(No symbol) [0x00632328]
	(No symbol) [0x0063240B]
	(No symbol) [0x00624FF7]
	BaseThreadInitThunk [0x762A7BA9+25]
	RtlInitializeExceptionChain [0x7778C28B+107]
	RtlClearBits [0x7778C20F+191]

2025-02-26 19:52:45,765 - ERROR - 程序执行出错: Message: unknown error: Chrome failed to start: exited normally.
  (unknown error: DevToolsActivePort file doesn't exist)
  (The process started from chrome location C:\Program Files\Google\Chrome\Application\chrome.exe is no longer running, so ChromeDriver is assuming that Chrome has crashed.)
Stacktrace:
Backtrace:
	GetHandleVerifier [0x0069A813+48355]
	(No symbol) [0x0062C4B1]
	(No symbol) [0x00535358]
	(No symbol) [0x00553621]
	(No symbol) [0x00550579]
	(No symbol) [0x00580C55]
	(No symbol) [0x0058093C]
	(No symbol) [0x0057A536]
	(No symbol) [0x005582DC]
	(No symbol) [0x005593DD]
	GetHandleVerifier [0x008FAABD+2539405]
	GetHandleVerifier [0x0093A78F+2800735]
	GetHandleVerifier [0x0093456C+2775612]
	GetHandleVerifier [0x007251E0+616112]
	(No symbol) [0x00635F8C]
	(No symbol) [0x00632328]
	(No symbol) [0x0063240B]
	(No symbol) [0x00624FF7]
	BaseThreadInitThunk [0x762A7BA9+25]
	RtlInitializeExceptionChain [0x7778C28B+107]
	RtlClearBits [0x7778C20F+191]

2025-02-26 19:54:49,750 - INFO - 找到Chrome配置文件路径: C:\Users\ly frienk\AppData\Local\Google\Chrome\User Data
2025-02-26 19:54:49,751 - INFO - 使用配置文件: Profile 2
2025-02-26 19:54:49,751 - INFO - ====== WebDriver manager ======
2025-02-26 19:54:50,143 - INFO - Get LATEST chromedriver version for google-chrome
2025-02-26 19:54:50,654 - INFO - About to download new driver from https://chromedriver.storage.googleapis.com/114.0.5735.90/chromedriver_win32.zip
2025-02-26 19:54:50,847 - INFO - Driver downloading response is 200
2025-02-26 19:54:51,510 - INFO - Get LATEST chromedriver version for google-chrome
2025-02-26 19:54:52,124 - INFO - Get LATEST chromedriver version for google-chrome
2025-02-26 19:54:52,499 - INFO - Driver has been saved in cache [C:\Users\ly frienk\.wdm\drivers\chromedriver\win64\114.0.5735.90]
2025-02-26 19:54:56,608 - ERROR - Chrome浏览器驱动初始化失败: Message: session not created: This version of ChromeDriver only supports Chrome version 114
Current browser version is 133.0.6943.127 with binary path C:\Program Files\Google\Chrome\Application\chrome.exe
Stacktrace:
Backtrace:
	GetHandleVerifier [0x007BA813+48355]
	(No symbol) [0x0074C4B1]
	(No symbol) [0x00655358]
	(No symbol) [0x006761AC]
	(No symbol) [0x00671EF3]
	(No symbol) [0x00670579]
	(No symbol) [0x006A0C55]
	(No symbol) [0x006A093C]
	(No symbol) [0x0069A536]
	(No symbol) [0x006782DC]
	(No symbol) [0x006793DD]
	GetHandleVerifier [0x00A1AABD+2539405]
	GetHandleVerifier [0x00A5A78F+2800735]
	GetHandleVerifier [0x00A5456C+2775612]
	GetHandleVerifier [0x008451E0+616112]
	(No symbol) [0x00755F8C]
	(No symbol) [0x00752328]
	(No symbol) [0x0075240B]
	(No symbol) [0x00744FF7]
	BaseThreadInitThunk [0x762A7BA9+25]
	RtlInitializeExceptionChain [0x7778C28B+107]
	RtlClearBits [0x7778C20F+191]

2025-02-26 19:54:56,620 - ERROR - 程序执行出错: Message: session not created: This version of ChromeDriver only supports Chrome version 114
Current browser version is 133.0.6943.127 with binary path C:\Program Files\Google\Chrome\Application\chrome.exe
Stacktrace:
Backtrace:
	GetHandleVerifier [0x007BA813+48355]
	(No symbol) [0x0074C4B1]
	(No symbol) [0x00655358]
	(No symbol) [0x006761AC]
	(No symbol) [0x00671EF3]
	(No symbol) [0x00670579]
	(No symbol) [0x006A0C55]
	(No symbol) [0x006A093C]
	(No symbol) [0x0069A536]
	(No symbol) [0x006782DC]
	(No symbol) [0x006793DD]
	GetHandleVerifier [0x00A1AABD+2539405]
	GetHandleVerifier [0x00A5A78F+2800735]
	GetHandleVerifier [0x00A5456C+2775612]
	GetHandleVerifier [0x008451E0+616112]
	(No symbol) [0x00755F8C]
	(No symbol) [0x00752328]
	(No symbol) [0x0075240B]
	(No symbol) [0x00744FF7]
	BaseThreadInitThunk [0x762A7BA9+25]
	RtlInitializeExceptionChain [0x7778C28B+107]
	RtlClearBits [0x7778C20F+191]

2025-02-26 19:55:03,506 - INFO - 找到Chrome配置文件路径: C:\Users\ly frienk\AppData\Local\Google\Chrome\User Data
2025-02-26 19:55:03,507 - INFO - 使用配置文件: Profile 2
2025-02-26 19:55:03,507 - INFO - ====== WebDriver manager ======
2025-02-26 19:55:03,889 - INFO - Get LATEST chromedriver version for google-chrome
2025-02-26 19:55:04,066 - INFO - About to download new driver from https://chromedriver.storage.googleapis.com/114.0.5735.90/chromedriver_win32.zip
2025-02-26 19:55:04,251 - INFO - Driver downloading response is 200
2025-02-26 19:55:04,880 - INFO - Get LATEST chromedriver version for google-chrome
2025-02-26 19:55:05,378 - INFO - Get LATEST chromedriver version for google-chrome
2025-02-26 19:55:05,744 - INFO - Driver has been saved in cache [C:\Users\ly frienk\.wdm\drivers\chromedriver\win64\114.0.5735.90]
2025-02-26 19:55:09,993 - ERROR - Chrome浏览器驱动初始化失败: Message: session not created: This version of ChromeDriver only supports Chrome version 114
Current browser version is 133.0.6943.127 with binary path C:\Program Files\Google\Chrome\Application\chrome.exe
Stacktrace:
Backtrace:
	GetHandleVerifier [0x004BA813+48355]
	(No symbol) [0x0044C4B1]
	(No symbol) [0x00355358]
	(No symbol) [0x003761AC]
	(No symbol) [0x00371EF3]
	(No symbol) [0x00370579]
	(No symbol) [0x003A0C55]
	(No symbol) [0x003A093C]
	(No symbol) [0x0039A536]
	(No symbol) [0x003782DC]
	(No symbol) [0x003793DD]
	GetHandleVerifier [0x0071AABD+2539405]
	GetHandleVerifier [0x0075A78F+2800735]
	GetHandleVerifier [0x0075456C+2775612]
	GetHandleVerifier [0x005451E0+616112]
	(No symbol) [0x00455F8C]
	(No symbol) [0x00452328]
	(No symbol) [0x0045240B]
	(No symbol) [0x00444FF7]
	BaseThreadInitThunk [0x762A7BA9+25]
	RtlInitializeExceptionChain [0x7778C28B+107]
	RtlClearBits [0x7778C20F+191]

2025-02-26 19:55:10,004 - ERROR - 程序执行出错: Message: session not created: This version of ChromeDriver only supports Chrome version 114
Current browser version is 133.0.6943.127 with binary path C:\Program Files\Google\Chrome\Application\chrome.exe
Stacktrace:
Backtrace:
	GetHandleVerifier [0x004BA813+48355]
	(No symbol) [0x0044C4B1]
	(No symbol) [0x00355358]
	(No symbol) [0x003761AC]
	(No symbol) [0x00371EF3]
	(No symbol) [0x00370579]
	(No symbol) [0x003A0C55]
	(No symbol) [0x003A093C]
	(No symbol) [0x0039A536]
	(No symbol) [0x003782DC]
	(No symbol) [0x003793DD]
	GetHandleVerifier [0x0071AABD+2539405]
	GetHandleVerifier [0x0075A78F+2800735]
	GetHandleVerifier [0x0075456C+2775612]
	GetHandleVerifier [0x005451E0+616112]
	(No symbol) [0x00455F8C]
	(No symbol) [0x00452328]
	(No symbol) [0x0045240B]
	(No symbol) [0x00444FF7]
	BaseThreadInitThunk [0x762A7BA9+25]
	RtlInitializeExceptionChain [0x7778C28B+107]
	RtlClearBits [0x7778C20F+191]

2025-02-26 19:56:52,855 - INFO - 找到Chrome配置文件路径: C:\Users\ly frienk\AppData\Local\Google\Chrome\User Data
2025-02-26 19:56:52,855 - INFO - 使用配置文件: Profile 2
2025-02-26 19:56:52,856 - INFO - 正在下载ChromeDriver 133.0.6943.141...
2025-02-26 19:56:54,131 - INFO - ChromeDriver 133.0.6943.141 下载并解压成功
2025-02-26 19:56:54,132 - INFO - 使用下载的ChromeDriver: C:\Users\ly frienk\.wdm\drivers\chromedriver\win64\133.0.6943.141\chromedriver.exe
2025-02-26 19:56:55,759 - INFO - Chrome浏览器驱动初始化成功
2025-02-26 20:00:28,333 - ERROR - 导航到考试编辑页面失败: Message: invalid session id: session deleted as the browser has closed the connection
from disconnected: not connected to DevTools
  (Session info: chrome=133.0.6943.127)
Stacktrace:
	GetHandleVerifier [0x00007FF781CAC6A5+28789]
	(No symbol) [0x00007FF781C15B20]
	(No symbol) [0x00007FF781AA8F9A]
	(No symbol) [0x00007FF781A94D75]
	(No symbol) [0x00007FF781AB9784]
	(No symbol) [0x00007FF781B2F0BF]
	(No symbol) [0x00007FF781B4F0D2]
	(No symbol) [0x00007FF781B27103]
	(No symbol) [0x00007FF781AEFFC0]
	(No symbol) [0x00007FF781AF1273]
	GetHandleVerifier [0x00007FF781FF1AED+3458237]
	GetHandleVerifier [0x00007FF78200829C+3550316]
	GetHandleVerifier [0x00007FF781FFDB9D+3507565]
	GetHandleVerifier [0x00007FF781D72C6A+841274]
	(No symbol) [0x00007FF781C209EF]
	(No symbol) [0x00007FF781C1CB34]
	(No symbol) [0x00007FF781C1CCD6]
	(No symbol) [0x00007FF781C0C119]
	BaseThreadInitThunk [0x00007FF98339259D+29]
	RtlUserThreadStart [0x00007FF984E8AF38+40]

2025-02-26 20:00:28,336 - ERROR - 程序执行出错: Message: invalid session id: session deleted as the browser has closed the connection
from disconnected: not connected to DevTools
  (Session info: chrome=133.0.6943.127)
Stacktrace:
	GetHandleVerifier [0x00007FF781CAC6A5+28789]
	(No symbol) [0x00007FF781C15B20]
	(No symbol) [0x00007FF781AA8F9A]
	(No symbol) [0x00007FF781A94D75]
	(No symbol) [0x00007FF781AB9784]
	(No symbol) [0x00007FF781B2F0BF]
	(No symbol) [0x00007FF781B4F0D2]
	(No symbol) [0x00007FF781B27103]
	(No symbol) [0x00007FF781AEFFC0]
	(No symbol) [0x00007FF781AF1273]
	GetHandleVerifier [0x00007FF781FF1AED+3458237]
	GetHandleVerifier [0x00007FF78200829C+3550316]
	GetHandleVerifier [0x00007FF781FFDB9D+3507565]
	GetHandleVerifier [0x00007FF781D72C6A+841274]
	(No symbol) [0x00007FF781C209EF]
	(No symbol) [0x00007FF781C1CB34]
	(No symbol) [0x00007FF781C1CCD6]
	(No symbol) [0x00007FF781C0C119]
	BaseThreadInitThunk [0x00007FF98339259D+29]
	RtlUserThreadStart [0x00007FF984E8AF38+40]

2025-02-26 20:00:30,542 - INFO - 浏览器已关闭
2025-02-26 20:00:44,812 - INFO - 找到Chrome配置文件路径: C:\Users\ly frienk\AppData\Local\Google\Chrome\User Data
2025-02-26 20:00:44,814 - INFO - 使用配置文件: Profile 2
2025-02-26 20:00:44,814 - INFO - 正在下载ChromeDriver 133.0.6943.141...
2025-02-26 20:00:46,021 - INFO - ChromeDriver 133.0.6943.141 下载并解压成功
2025-02-26 20:00:46,022 - INFO - 使用下载的ChromeDriver: C:\Users\ly frienk\.wdm\drivers\chromedriver\win64\133.0.6943.141\chromedriver.exe
2025-02-26 20:00:47,612 - INFO - Chrome浏览器驱动初始化成功
2025-02-26 20:00:47,785 - INFO - 打开试卷创建页面: https://v.kaoshixing.com/admin/paper/#/create?source=toLib
2025-02-26 20:01:08,133 - WARNING - 页面加载超时，可能没有找到试卷编辑容器
2025-02-26 20:06:20,803 - ERROR - 程序执行出错: invalid literal for int() with base 10: '& "C:/Users/ly frienk/AppData/Local/Programs/Python/Python312/python.exe" e:/Github/kaoshixing/kaoshixing_automation.py'
2025-02-26 20:06:22,962 - INFO - 浏览器已关闭
2025-02-26 20:06:30,903 - INFO - 找到Chrome配置文件路径: C:\Users\ly frienk\AppData\Local\Google\Chrome\User Data
2025-02-26 20:06:30,903 - INFO - 使用配置文件: Profile 2
2025-02-26 20:06:30,904 - INFO - 正在下载ChromeDriver 133.0.6943.141...
2025-02-26 20:06:31,767 - INFO - ChromeDriver 133.0.6943.141 下载并解压成功
2025-02-26 20:06:31,768 - INFO - 使用下载的ChromeDriver: C:\Users\ly frienk\.wdm\drivers\chromedriver\win64\133.0.6943.141\chromedriver.exe
2025-02-26 20:06:33,430 - INFO - Chrome浏览器驱动初始化成功
2025-02-26 20:06:34,855 - INFO - 打开试卷创建页面: https://v.kaoshixing.com/admin/paper/#/create?source=toLib
2025-02-26 20:06:34,855 - INFO - 等待页面完全加载 (2秒)...
2025-02-26 20:06:56,961 - WARNING - 页面加载超时
2025-02-26 20:10:09,435 - ERROR - 程序执行出错: invalid literal for int() with base 10: '& "C:/Users/ly frienk/AppData/Local/Programs/Python/Python312/python.exe" e:/Github/kaoshixing/kaoshixing_automation.py'
2025-02-26 20:10:11,575 - INFO - 浏览器已关闭
2025-02-26 20:11:14,091 - INFO - 找到Chrome配置文件路径: C:\Users\ly frienk\AppData\Local\Google\Chrome\User Data
2025-02-26 20:11:14,092 - INFO - 使用配置文件: Profile 2
2025-02-26 20:11:14,092 - INFO - 正在下载ChromeDriver 133.0.6943.141...
2025-02-26 20:11:15,024 - INFO - ChromeDriver 133.0.6943.141 下载并解压成功
2025-02-26 20:11:15,025 - INFO - 使用下载的ChromeDriver: C:\Users\ly frienk\.wdm\drivers\chromedriver\win64\133.0.6943.141\chromedriver.exe
2025-02-26 20:11:16,686 - INFO - Chrome浏览器驱动初始化成功
2025-02-26 20:11:16,912 - INFO - 打开试卷创建页面: https://v.kaoshixing.com/admin/paper/#/create?source=toLib
2025-02-26 20:11:16,912 - INFO - 等待页面完全加载 (5秒)...
2025-02-26 20:11:21,914 - INFO - 尝试点击第一个元素 (设置按钮)...
2025-02-26 20:11:21,964 - INFO - 使用JavaScript点击第一个元素
2025-02-26 20:11:23,568 - INFO - 等待设置对话框出现 (3秒)...
2025-02-26 20:11:26,571 - INFO - 尝试点击第二个元素 (复制选项)...
2025-02-26 20:11:26,592 - INFO - 使用JavaScript点击第二个元素
2025-02-26 20:11:27,172 - INFO - 使用选择器 '#paper-id > div:nth-child(11) > div > div > div.el-dialog__body > div.setting-item.paper-feature > div.setting-content > div:nth-child(3) > label > span.el-checkbox__input > span' 成功点击第二个元素
2025-02-26 20:11:27,172 - INFO - 等待2秒...
2025-02-26 20:11:29,179 - INFO - 点击确定按钮
2025-02-26 20:11:29,367 - INFO - 使用Selenium点击确定按钮
2025-02-26 20:11:29,367 - INFO - 特定元素点击操作完成
2025-02-26 20:18:56,844 - INFO - 找到Chrome配置文件路径: C:\Users\ly frienk\AppData\Local\Google\Chrome\User Data
2025-02-26 20:18:56,844 - INFO - 使用配置文件: Profile 2
2025-02-26 20:18:56,844 - INFO - 正在下载ChromeDriver 133.0.6943.141...
2025-02-26 20:18:57,857 - INFO - ChromeDriver 133.0.6943.141 下载并解压成功
2025-02-26 20:18:57,858 - INFO - 使用下载的ChromeDriver: C:\Users\ly frienk\.wdm\drivers\chromedriver\win64\133.0.6943.141\chromedriver.exe
2025-02-26 20:18:59,781 - INFO - Chrome浏览器驱动初始化成功，已设置模拟真人行为
2025-02-26 20:19:00,927 - INFO - 打开试卷创建页面: https://v.kaoshixing.com/admin/paper/#/create?source=toLib
2025-02-26 20:19:00,928 - INFO - 等待页面完全加载 (5秒)...
2025-02-26 20:19:05,929 - INFO - 尝试点击设置按钮...
2025-02-26 20:19:06,498 - INFO - 成功点击设置按钮
2025-02-26 20:19:08,527 - INFO - 复选框当前状态: 未选中
2025-02-26 20:19:08,581 - INFO - 点击复选框使其选中
2025-02-26 20:19:09,590 - INFO - 点击后复选框状态: 未选中
2025-02-26 20:19:09,684 - INFO - 点击确认按钮
2025-02-26 20:19:11,685 - INFO - 设置操作完成
2025-02-28 00:11:00,525 - INFO - 找到Chrome配置文件路径: C:\Users\ly frienk\AppData\Local\Google\Chrome\User Data
2025-02-28 00:11:00,527 - INFO - 使用配置文件: Profile 2
2025-02-28 00:11:00,527 - INFO - 正在下载ChromeDriver 133.0.6943.141...
2025-02-28 00:11:01,458 - INFO - ChromeDriver 133.0.6943.141 下载并解压成功
2025-02-28 00:11:01,460 - INFO - 使用下载的ChromeDriver: C:\Users\ly frienk\.wdm\drivers\chromedriver\win64\133.0.6943.141\chromedriver.exe
2025-02-28 00:11:03,122 - INFO - Chrome浏览器驱动初始化成功，已设置模拟真人行为
2025-02-28 00:11:06,148 - INFO - 打开试卷创建页面: https://v.kaoshixing.com/admin/paper/#/create?source=toLib
2025-02-28 00:11:06,149 - INFO - 等待页面完全加载 (5秒)...
2025-02-28 00:11:11,150 - INFO - 尝试点击设置按钮...
2025-02-28 00:11:11,388 - INFO - 成功点击设置按钮
2025-02-28 00:11:13,417 - INFO - 复选框当前状态: 未选中
2025-02-28 00:11:13,474 - INFO - 点击复选框使其选中
2025-02-28 00:11:14,481 - INFO - 点击后复选框状态: 未选中
2025-02-28 00:11:14,626 - INFO - 点击确认按钮
2025-02-28 00:11:16,627 - INFO - 设置操作完成
2025-02-28 00:15:04,397 - ERROR - 程序执行出错: invalid literal for int() with base 10: '& "C:/Users/ly frienk/AppData/Local/Programs/Python/Python312/python.exe" e:/Github/kaoshixing/kaoshixing_automation.py'
2025-02-28 00:15:06,751 - INFO - 浏览器已关闭
2025-02-28 00:15:16,674 - INFO - 找到Chrome配置文件路径: C:\Users\ly frienk\AppData\Local\Google\Chrome\User Data
2025-02-28 00:15:16,675 - INFO - 使用配置文件: Profile 2
2025-02-28 00:15:16,675 - INFO - 正在下载ChromeDriver 133.0.6943.141...
2025-02-28 00:15:17,577 - INFO - ChromeDriver 133.0.6943.141 下载并解压成功
2025-02-28 00:15:17,578 - INFO - 使用下载的ChromeDriver: C:\Users\ly frienk\.wdm\drivers\chromedriver\win64\133.0.6943.141\chromedriver.exe
2025-02-28 00:15:19,118 - INFO - Chrome浏览器驱动初始化成功，已设置模拟真人行为
2025-02-28 00:15:22,723 - INFO - 打开试卷创建页面: https://v.kaoshixing.com/admin/paper/#/create?source=toLib
2025-02-28 00:15:22,723 - INFO - 等待页面完全加载 (5秒)...
2025-02-28 00:15:27,724 - INFO - 尝试点击设置按钮...
2025-02-28 00:15:27,862 - INFO - 成功点击设置按钮
2025-02-28 00:15:29,891 - INFO - 复选框当前状态: 未选中
2025-02-28 00:15:29,941 - INFO - 点击复选框使其选中
2025-02-28 00:15:30,948 - INFO - 点击后复选框状态: 未选中
2025-02-28 00:15:31,046 - INFO - 点击确认按钮
2025-02-28 00:15:33,047 - INFO - 设置操作完成
2025-03-02 18:14:52,429 - INFO - 找到Chrome配置文件路径: C:\Users\ly frienk\AppData\Local\Google\Chrome\User Data
2025-03-02 18:14:52,432 - INFO - 使用配置文件: Profile 2
2025-03-02 18:14:52,432 - INFO - 正在下载ChromeDriver 133.0.6943.141...
2025-03-02 18:14:53,392 - INFO - ChromeDriver 133.0.6943.141 下载并解压成功
2025-03-02 18:14:53,395 - INFO - 使用下载的ChromeDriver: C:\Users\ly frienk\.wdm\drivers\chromedriver\win64\133.0.6943.141\chromedriver.exe
2025-03-02 18:14:56,663 - ERROR - Chrome浏览器驱动初始化失败: Message: session not created: probably user data directory is already in use, please specify a unique value for --user-data-dir argument, or don't use --user-data-dir
Stacktrace:
	GetHandleVerifier [0x00007FF761F1C6A5+28789]
	(No symbol) [0x00007FF761E85B20]
	(No symbol) [0x00007FF761D18F9A]
	(No symbol) [0x00007FF761D555C4]
	(No symbol) [0x00007FF761D515AD]
	(No symbol) [0x00007FF761DA555B]
	(No symbol) [0x00007FF761DA4B30]
	(No symbol) [0x00007FF761D97103]
	(No symbol) [0x00007FF761D5FFC0]
	(No symbol) [0x00007FF761D61273]
	GetHandleVerifier [0x00007FF762261AED+3458237]
	GetHandleVerifier [0x00007FF76227829C+3550316]
	GetHandleVerifier [0x00007FF76226DB9D+3507565]
	GetHandleVerifier [0x00007FF761FE2C6A+841274]
	(No symbol) [0x00007FF761E909EF]
	(No symbol) [0x00007FF761E8CB34]
	(No symbol) [0x00007FF761E8CCD6]
	(No symbol) [0x00007FF761E7C119]
	BaseThreadInitThunk [0x00007FFB803F259D+29]
	RtlUserThreadStart [0x00007FFB8270AF38+40]

2025-03-02 18:14:56,669 - ERROR - 程序执行出错: Message: session not created: probably user data directory is already in use, please specify a unique value for --user-data-dir argument, or don't use --user-data-dir
Stacktrace:
	GetHandleVerifier [0x00007FF761F1C6A5+28789]
	(No symbol) [0x00007FF761E85B20]
	(No symbol) [0x00007FF761D18F9A]
	(No symbol) [0x00007FF761D555C4]
	(No symbol) [0x00007FF761D515AD]
	(No symbol) [0x00007FF761DA555B]
	(No symbol) [0x00007FF761DA4B30]
	(No symbol) [0x00007FF761D97103]
	(No symbol) [0x00007FF761D5FFC0]
	(No symbol) [0x00007FF761D61273]
	GetHandleVerifier [0x00007FF762261AED+3458237]
	GetHandleVerifier [0x00007FF76227829C+3550316]
	GetHandleVerifier [0x00007FF76226DB9D+3507565]
	GetHandleVerifier [0x00007FF761FE2C6A+841274]
	(No symbol) [0x00007FF761E909EF]
	(No symbol) [0x00007FF761E8CB34]
	(No symbol) [0x00007FF761E8CCD6]
	(No symbol) [0x00007FF761E7C119]
	BaseThreadInitThunk [0x00007FFB803F259D+29]
	RtlUserThreadStart [0x00007FFB8270AF38+40]

2025-03-02 18:15:22,214 - INFO - 找到Chrome配置文件路径: C:\Users\ly frienk\AppData\Local\Google\Chrome\User Data
2025-03-02 18:15:22,215 - INFO - 使用配置文件: Profile 2
2025-03-02 18:15:22,215 - INFO - 正在下载ChromeDriver 133.0.6943.141...
2025-03-02 18:15:23,046 - INFO - ChromeDriver 133.0.6943.141 下载并解压成功
2025-03-02 18:15:23,048 - INFO - 使用下载的ChromeDriver: C:\Users\ly frienk\.wdm\drivers\chromedriver\win64\133.0.6943.141\chromedriver.exe
2025-03-02 18:15:26,305 - ERROR - Chrome浏览器驱动初始化失败: Message: session not created: probably user data directory is already in use, please specify a unique value for --user-data-dir argument, or don't use --user-data-dir
Stacktrace:
	GetHandleVerifier [0x00007FF7AF89C6A5+28789]
	(No symbol) [0x00007FF7AF805B20]
	(No symbol) [0x00007FF7AF698F9A]
	(No symbol) [0x00007FF7AF6D55C4]
	(No symbol) [0x00007FF7AF6D15AD]
	(No symbol) [0x00007FF7AF72555B]
	(No symbol) [0x00007FF7AF724B30]
	(No symbol) [0x00007FF7AF717103]
	(No symbol) [0x00007FF7AF6DFFC0]
	(No symbol) [0x00007FF7AF6E1273]
	GetHandleVerifier [0x00007FF7AFBE1AED+3458237]
	GetHandleVerifier [0x00007FF7AFBF829C+3550316]
	GetHandleVerifier [0x00007FF7AFBEDB9D+3507565]
	GetHandleVerifier [0x00007FF7AF962C6A+841274]
	(No symbol) [0x00007FF7AF8109EF]
	(No symbol) [0x00007FF7AF80CB34]
	(No symbol) [0x00007FF7AF80CCD6]
	(No symbol) [0x00007FF7AF7FC119]
	BaseThreadInitThunk [0x00007FFB803F259D+29]
	RtlUserThreadStart [0x00007FFB8270AF38+40]

2025-03-02 18:15:26,308 - ERROR - 程序执行出错: Message: session not created: probably user data directory is already in use, please specify a unique value for --user-data-dir argument, or don't use --user-data-dir
Stacktrace:
	GetHandleVerifier [0x00007FF7AF89C6A5+28789]
	(No symbol) [0x00007FF7AF805B20]
	(No symbol) [0x00007FF7AF698F9A]
	(No symbol) [0x00007FF7AF6D55C4]
	(No symbol) [0x00007FF7AF6D15AD]
	(No symbol) [0x00007FF7AF72555B]
	(No symbol) [0x00007FF7AF724B30]
	(No symbol) [0x00007FF7AF717103]
	(No symbol) [0x00007FF7AF6DFFC0]
	(No symbol) [0x00007FF7AF6E1273]
	GetHandleVerifier [0x00007FF7AFBE1AED+3458237]
	GetHandleVerifier [0x00007FF7AFBF829C+3550316]
	GetHandleVerifier [0x00007FF7AFBEDB9D+3507565]
	GetHandleVerifier [0x00007FF7AF962C6A+841274]
	(No symbol) [0x00007FF7AF8109EF]
	(No symbol) [0x00007FF7AF80CB34]
	(No symbol) [0x00007FF7AF80CCD6]
	(No symbol) [0x00007FF7AF7FC119]
	BaseThreadInitThunk [0x00007FFB803F259D+29]
	RtlUserThreadStart [0x00007FFB8270AF38+40]

2025-03-02 18:15:51,763 - INFO - 找到Chrome配置文件路径: C:\Users\ly frienk\AppData\Local\Google\Chrome\User Data
2025-03-02 18:15:51,764 - INFO - 使用配置文件: Profile 2
2025-03-02 18:15:51,765 - INFO - 正在下载ChromeDriver 133.0.6943.141...
2025-03-02 18:15:52,587 - INFO - ChromeDriver 133.0.6943.141 下载并解压成功
2025-03-02 18:15:52,589 - INFO - 使用下载的ChromeDriver: C:\Users\ly frienk\.wdm\drivers\chromedriver\win64\133.0.6943.141\chromedriver.exe
2025-03-02 18:15:56,706 - ERROR - Chrome浏览器驱动初始化失败: Message: session not created: probably user data directory is already in use, please specify a unique value for --user-data-dir argument, or don't use --user-data-dir
Stacktrace:
	GetHandleVerifier [0x00007FF65722C6A5+28789]
	(No symbol) [0x00007FF657195B20]
	(No symbol) [0x00007FF657028F9A]
	(No symbol) [0x00007FF6570655C4]
	(No symbol) [0x00007FF6570615AD]
	(No symbol) [0x00007FF6570B555B]
	(No symbol) [0x00007FF6570B4B30]
	(No symbol) [0x00007FF6570A7103]
	(No symbol) [0x00007FF65706FFC0]
	(No symbol) [0x00007FF657071273]
	GetHandleVerifier [0x00007FF657571AED+3458237]
	GetHandleVerifier [0x00007FF65758829C+3550316]
	GetHandleVerifier [0x00007FF65757DB9D+3507565]
	GetHandleVerifier [0x00007FF6572F2C6A+841274]
	(No symbol) [0x00007FF6571A09EF]
	(No symbol) [0x00007FF65719CB34]
	(No symbol) [0x00007FF65719CCD6]
	(No symbol) [0x00007FF65718C119]
	BaseThreadInitThunk [0x00007FFB803F259D+29]
	RtlUserThreadStart [0x00007FFB8270AF38+40]

2025-03-02 18:15:56,710 - ERROR - 程序执行出错: Message: session not created: probably user data directory is already in use, please specify a unique value for --user-data-dir argument, or don't use --user-data-dir
Stacktrace:
	GetHandleVerifier [0x00007FF65722C6A5+28789]
	(No symbol) [0x00007FF657195B20]
	(No symbol) [0x00007FF657028F9A]
	(No symbol) [0x00007FF6570655C4]
	(No symbol) [0x00007FF6570615AD]
	(No symbol) [0x00007FF6570B555B]
	(No symbol) [0x00007FF6570B4B30]
	(No symbol) [0x00007FF6570A7103]
	(No symbol) [0x00007FF65706FFC0]
	(No symbol) [0x00007FF657071273]
	GetHandleVerifier [0x00007FF657571AED+3458237]
	GetHandleVerifier [0x00007FF65758829C+3550316]
	GetHandleVerifier [0x00007FF65757DB9D+3507565]
	GetHandleVerifier [0x00007FF6572F2C6A+841274]
	(No symbol) [0x00007FF6571A09EF]
	(No symbol) [0x00007FF65719CB34]
	(No symbol) [0x00007FF65719CCD6]
	(No symbol) [0x00007FF65718C119]
	BaseThreadInitThunk [0x00007FFB803F259D+29]
	RtlUserThreadStart [0x00007FFB8270AF38+40]

2025-03-02 18:20:12,046 - INFO - 找到Chrome配置文件路径: C:\Users\ly frienk\AppData\Local\Google\Chrome\User Data
2025-03-02 18:20:12,047 - INFO - 使用配置文件: Profile 2
2025-03-02 18:20:12,048 - INFO - 尝试使用系统中的ChromeDriver
2025-03-02 18:20:16,825 - ERROR - Chrome浏览器驱动初始化失败: Message: session not created: probably user data directory is already in use, please specify a unique value for --user-data-dir argument, or don't use --user-data-dir
Stacktrace:
	GetHandleVerifier [0x00007FF6F8A2C6A5+28789]
	(No symbol) [0x00007FF6F8995B20]
	(No symbol) [0x00007FF6F8828F9A]
	(No symbol) [0x00007FF6F88655C4]
	(No symbol) [0x00007FF6F88615AD]
	(No symbol) [0x00007FF6F88B555B]
	(No symbol) [0x00007FF6F88B4B30]
	(No symbol) [0x00007FF6F88A7103]
	(No symbol) [0x00007FF6F886FFC0]
	(No symbol) [0x00007FF6F8871273]
	GetHandleVerifier [0x00007FF6F8D71AED+3458237]
	GetHandleVerifier [0x00007FF6F8D8829C+3550316]
	GetHandleVerifier [0x00007FF6F8D7DB9D+3507565]
	GetHandleVerifier [0x00007FF6F8AF2C6A+841274]
	(No symbol) [0x00007FF6F89A09EF]
	(No symbol) [0x00007FF6F899CB34]
	(No symbol) [0x00007FF6F899CCD6]
	(No symbol) [0x00007FF6F898C119]
	BaseThreadInitThunk [0x00007FFB803F259D+29]
	RtlUserThreadStart [0x00007FFB8270AF38+40]

2025-03-02 18:20:16,829 - ERROR - 程序执行出错: Message: session not created: probably user data directory is already in use, please specify a unique value for --user-data-dir argument, or don't use --user-data-dir
Stacktrace:
	GetHandleVerifier [0x00007FF6F8A2C6A5+28789]
	(No symbol) [0x00007FF6F8995B20]
	(No symbol) [0x00007FF6F8828F9A]
	(No symbol) [0x00007FF6F88655C4]
	(No symbol) [0x00007FF6F88615AD]
	(No symbol) [0x00007FF6F88B555B]
	(No symbol) [0x00007FF6F88B4B30]
	(No symbol) [0x00007FF6F88A7103]
	(No symbol) [0x00007FF6F886FFC0]
	(No symbol) [0x00007FF6F8871273]
	GetHandleVerifier [0x00007FF6F8D71AED+3458237]
	GetHandleVerifier [0x00007FF6F8D8829C+3550316]
	GetHandleVerifier [0x00007FF6F8D7DB9D+3507565]
	GetHandleVerifier [0x00007FF6F8AF2C6A+841274]
	(No symbol) [0x00007FF6F89A09EF]
	(No symbol) [0x00007FF6F899CB34]
	(No symbol) [0x00007FF6F899CCD6]
	(No symbol) [0x00007FF6F898C119]
	BaseThreadInitThunk [0x00007FFB803F259D+29]
	RtlUserThreadStart [0x00007FFB8270AF38+40]

2025-03-02 18:21:59,778 - INFO - 使用全新的浏览器实例，不加载现有配置文件
2025-03-02 18:21:59,779 - INFO - 创建临时用户数据目录: C:\Users\LYFRIE~1\AppData\Local\Temp\tmpn80jhiuw
2025-03-02 18:21:59,779 - INFO - 初始化Chrome驱动...
2025-03-02 18:22:02,241 - INFO - 测试导航到百度...
2025-03-02 18:22:08,606 - INFO - 当前页面标题: 百度一下，你就知道
2025-03-02 18:22:08,611 - INFO - 成功导航到百度，浏览器工作正常
2025-03-02 18:22:08,611 - INFO - Chrome浏览器驱动初始化成功
2025-03-02 18:29:59,985 - INFO - 用户选择不继续，程序退出
2025-03-02 18:30:02,423 - INFO - 浏览器已关闭
2025-03-02 18:30:09,172 - INFO - 使用全新的浏览器实例，不加载现有配置文件
2025-03-02 18:30:09,173 - INFO - 创建临时用户数据目录: C:\Users\LYFRIE~1\AppData\Local\Temp\tmpsy85imog
2025-03-02 18:30:09,175 - INFO - 初始化Chrome驱动...
2025-03-02 18:30:11,566 - INFO - 测试导航到百度...
2025-03-02 18:30:17,292 - ERROR - 导航到百度失败: Message: invalid session id: session deleted as the browser has closed the connection
from disconnected: not connected to DevTools
  (Session info: chrome=133.0.6943.142)
Stacktrace:
	GetHandleVerifier [0x00007FF6F8A2C6A5+28789]
	(No symbol) [0x00007FF6F8995B20]
	(No symbol) [0x00007FF6F8828F9A]
	(No symbol) [0x00007FF6F8814D75]
	(No symbol) [0x00007FF6F8839784]
	(No symbol) [0x00007FF6F88AF0BF]
	(No symbol) [0x00007FF6F88CF0D2]
	(No symbol) [0x00007FF6F88A7103]
	(No symbol) [0x00007FF6F886FFC0]
	(No symbol) [0x00007FF6F8871273]
	GetHandleVerifier [0x00007FF6F8D71AED+3458237]
	GetHandleVerifier [0x00007FF6F8D8829C+3550316]
	GetHandleVerifier [0x00007FF6F8D7DB9D+3507565]
	GetHandleVerifier [0x00007FF6F8AF2C6A+841274]
	(No symbol) [0x00007FF6F89A09EF]
	(No symbol) [0x00007FF6F899CB34]
	(No symbol) [0x00007FF6F899CCD6]
	(No symbol) [0x00007FF6F898C119]
	BaseThreadInitThunk [0x00007FFB803F259D+29]
	RtlUserThreadStart [0x00007FFB8270AF38+40]

2025-03-02 18:30:17,298 - INFO - 尝试导航到Google...
2025-03-02 18:30:17,300 - ERROR - 导航到Google也失败: Message: invalid session id
Stacktrace:
	GetHandleVerifier [0x00007FF6F8A2C6A5+28789]
	(No symbol) [0x00007FF6F8995B20]
	(No symbol) [0x00007FF6F8828DCC]
	(No symbol) [0x00007FF6F886F1CF]
	(No symbol) [0x00007FF6F88A71F2]
	(No symbol) [0x00007FF6F88A1B89]
	(No symbol) [0x00007FF6F88A0C39]
	(No symbol) [0x00007FF6F87F5595]
	GetHandleVerifier [0x00007FF6F8D71AED+3458237]
	GetHandleVerifier [0x00007FF6F8D8829C+3550316]
	GetHandleVerifier [0x00007FF6F8D7DB9D+3507565]
	GetHandleVerifier [0x00007FF6F8AF2C6A+841274]
	(No symbol) [0x00007FF6F89A09EF]
	(No symbol) [0x00007FF6F87F41AE]
	GetHandleVerifier [0x00007FF6F8DF66A8+4001912]
	BaseThreadInitThunk [0x00007FFB803F259D+29]
	RtlUserThreadStart [0x00007FFB8270AF38+40]

2025-03-02 18:30:17,303 - INFO - Chrome浏览器驱动初始化成功
2025-03-02 18:30:24,753 - INFO - 用户选择不继续，程序退出
2025-03-02 18:30:26,886 - INFO - 浏览器已关闭
2025-03-02 18:30:31,788 - INFO - 使用全新的浏览器实例，不加载现有配置文件
2025-03-02 18:30:31,789 - INFO - 创建临时用户数据目录: C:\Users\LYFRIE~1\AppData\Local\Temp\tmpn44c_2wm
2025-03-02 18:30:31,790 - INFO - 初始化Chrome驱动...
2025-03-02 18:30:34,100 - INFO - 测试导航到百度...
2025-03-02 18:30:41,788 - INFO - 当前页面标题: 百度一下，你就知道
2025-03-02 18:30:41,793 - INFO - 成功导航到百度，浏览器工作正常
2025-03-02 18:30:41,794 - INFO - Chrome浏览器驱动初始化成功
2025-03-02 18:30:46,137 - INFO - 准备导航到试卷创建页面: https://v.kaoshixing.com/admin/paper/#/create?source=toLib
2025-03-02 18:30:46,138 - INFO - 尝试导航到考试星首页...
2025-03-02 18:30:52,168 - INFO - 当前页面URL: https://v.kaoshixing.com/
2025-03-02 18:30:52,173 - INFO - 当前页面标题: 404 Not Found
2025-03-02 18:30:52,189 - INFO - 导航到试卷创建页面: https://v.kaoshixing.com/admin/paper/#/create?source=toLib
2025-03-02 18:31:14,144 - ERROR - 导航到试卷创建页面失败: Message: invalid session id: session deleted as the browser has closed the connection
from disconnected: not connected to DevTools
  (Session info: chrome=133.0.6943.142)
Stacktrace:
	GetHandleVerifier [0x00007FF6F8A2C6A5+28789]
	(No symbol) [0x00007FF6F8995B20]
	(No symbol) [0x00007FF6F8828F9A]
	(No symbol) [0x00007FF6F8814D75]
	(No symbol) [0x00007FF6F8839784]
	(No symbol) [0x00007FF6F88AF0BF]
	(No symbol) [0x00007FF6F88CF0D2]
	(No symbol) [0x00007FF6F88A7103]
	(No symbol) [0x00007FF6F886FFC0]
	(No symbol) [0x00007FF6F8871273]
	GetHandleVerifier [0x00007FF6F8D71AED+3458237]
	GetHandleVerifier [0x00007FF6F8D8829C+3550316]
	GetHandleVerifier [0x00007FF6F8D7DB9D+3507565]
	GetHandleVerifier [0x00007FF6F8AF2C6A+841274]
	(No symbol) [0x00007FF6F89A09EF]
	(No symbol) [0x00007FF6F899CB34]
	(No symbol) [0x00007FF6F899CCD6]
	(No symbol) [0x00007FF6F898C119]
	BaseThreadInitThunk [0x00007FFB803F259D+29]
	RtlUserThreadStart [0x00007FFB8270AF38+40]

2025-03-02 18:31:14,152 - ERROR - 导航到试卷创建页面失败，程序退出
2025-03-02 18:39:25,148 - INFO - 浏览器已关闭
